{"C:\\Users\\borde\\Desktop\\Projects\\user-management-table\\src\\App.tsx": {"path":"C:\\Users\\borde\\Desktop\\Projects\\user-management-table\\src\\App.tsx","all":false,"statementMap":{"0":{"start":{"line":1,"column":0},"end":{"line":1,"column":64}},"1":{"start":{"line":2,"column":0},"end":{"line":2,"column":40}},"2":{"start":{"line":3,"column":0},"end":{"line":3,"column":40}},"4":{"start":{"line":5,"column":0},"end":{"line":5,"column":16}},"5":{"start":{"line":6,"column":0},"end":{"line":6,"column":10}},"6":{"start":{"line":7,"column":0},"end":{"line":7,"column":19}},"7":{"start":{"line":8,"column":0},"end":{"line":8,"column":70}},"8":{"start":{"line":9,"column":0},"end":{"line":9,"column":16}},"9":{"start":{"line":10,"column":0},"end":{"line":10,"column":16}},"10":{"start":{"line":11,"column":0},"end":{"line":11,"column":20}},"11":{"start":{"line":12,"column":0},"end":{"line":12,"column":31}},"12":{"start":{"line":13,"column":0},"end":{"line":13,"column":12}},"13":{"start":{"line":14,"column":0},"end":{"line":14,"column":16}},"14":{"start":{"line":15,"column":0},"end":{"line":15,"column":20}},"15":{"start":{"line":16,"column":0},"end":{"line":16,"column":31}},"16":{"start":{"line":17,"column":0},"end":{"line":17,"column":12}},"17":{"start":{"line":18,"column":0},"end":{"line":18,"column":17}},"18":{"start":{"line":19,"column":0},"end":{"line":19,"column":13}},"19":{"start":{"line":20,"column":0},"end":{"line":20,"column":20}},"21":{"start":{"line":22,"column":0},"end":{"line":22,"column":1}},"23":{"start":{"line":24,"column":0},"end":{"line":24,"column":19}}},"s":{"0":1,"1":1,"2":1,"4":1,"5":1,"6":1,"7":1,"8":1,"9":1,"10":1,"11":1,"12":1,"13":1,"14":1,"15":1,"16":1,"17":1,"18":1,"19":1,"21":1,"23":1},"branchMap":{"0":{"type":"branch","line":5,"loc":{"start":{"line":5,"column":0},"end":{"line":22,"column":1}},"locations":[{"start":{"line":5,"column":0},"end":{"line":22,"column":1}}]}},"b":{"0":[1]},"fnMap":{"0":{"name":"App","decl":{"start":{"line":5,"column":0},"end":{"line":22,"column":1}},"loc":{"start":{"line":5,"column":0},"end":{"line":22,"column":1}},"line":5}},"f":{"0":1}}
,"C:\\Users\\borde\\Desktop\\Projects\\user-management-table\\src\\components\\FailedFetch\\FailedFetch.tsx": {"path":"C:\\Users\\borde\\Desktop\\Projects\\user-management-table\\src\\components\\FailedFetch\\FailedFetch.tsx","all":false,"statementMap":{"0":{"start":{"line":1,"column":0},"end":{"line":1,"column":61}},"2":{"start":{"line":3,"column":0},"end":{"line":3,"column":27}},"3":{"start":{"line":4,"column":0},"end":{"line":4,"column":10}},"4":{"start":{"line":5,"column":0},"end":{"line":5,"column":53}},"5":{"start":{"line":6,"column":0},"end":{"line":6,"column":31}},"6":{"start":{"line":7,"column":0},"end":{"line":7,"column":41}},"7":{"start":{"line":8,"column":0},"end":{"line":8,"column":34}},"8":{"start":{"line":9,"column":0},"end":{"line":9,"column":10}},"10":{"start":{"line":11,"column":0},"end":{"line":11,"column":2}},"12":{"start":{"line":13,"column":0},"end":{"line":13,"column":27}}},"s":{"0":1,"2":1,"3":1,"4":1,"5":1,"6":1,"7":1,"8":1,"10":1,"12":1},"branchMap":{"0":{"type":"branch","line":3,"loc":{"start":{"line":3,"column":20},"end":{"line":11,"column":2}},"locations":[{"start":{"line":3,"column":20},"end":{"line":11,"column":2}}]}},"b":{"0":[1]},"fnMap":{"0":{"name":"FailedFetch","decl":{"start":{"line":3,"column":20},"end":{"line":11,"column":2}},"loc":{"start":{"line":3,"column":20},"end":{"line":11,"column":2}},"line":3}},"f":{"0":1}}
,"C:\\Users\\borde\\Desktop\\Projects\\user-management-table\\src\\components\\Filter\\Filter.tsx": {"path":"C:\\Users\\borde\\Desktop\\Projects\\user-management-table\\src\\components\\Filter\\Filter.tsx","all":false,"statementMap":{"0":{"start":{"line":1,"column":0},"end":{"line":1,"column":50}},"1":{"start":{"line":2,"column":0},"end":{"line":2,"column":65}},"3":{"start":{"line":4,"column":0},"end":{"line":4,"column":83}},"4":{"start":{"line":5,"column":0},"end":{"line":5,"column":10}},"5":{"start":{"line":6,"column":0},"end":{"line":6,"column":25}},"6":{"start":{"line":7,"column":0},"end":{"line":7,"column":92}},"7":{"start":{"line":8,"column":0},"end":{"line":8,"column":100}},"8":{"start":{"line":9,"column":0},"end":{"line":9,"column":16}},"9":{"start":{"line":10,"column":0},"end":{"line":10,"column":23}},"10":{"start":{"line":11,"column":0},"end":{"line":11,"column":28}},"11":{"start":{"line":12,"column":0},"end":{"line":12,"column":32}},"12":{"start":{"line":13,"column":0},"end":{"line":13,"column":26}},"13":{"start":{"line":14,"column":0},"end":{"line":14,"column":63}},"14":{"start":{"line":15,"column":0},"end":{"line":15,"column":12}},"15":{"start":{"line":16,"column":0},"end":{"line":16,"column":23}},"16":{"start":{"line":17,"column":0},"end":{"line":17,"column":16}},"17":{"start":{"line":18,"column":0},"end":{"line":18,"column":70}},"18":{"start":{"line":19,"column":0},"end":{"line":19,"column":111}},"20":{"start":{"line":21,"column":0},"end":{"line":21,"column":16}},"21":{"start":{"line":22,"column":0},"end":{"line":22,"column":16}},"22":{"start":{"line":23,"column":0},"end":{"line":23,"column":24}},"23":{"start":{"line":24,"column":0},"end":{"line":24,"column":33}},"24":{"start":{"line":25,"column":0},"end":{"line":25,"column":44}},"25":{"start":{"line":26,"column":0},"end":{"line":26,"column":43}},"26":{"start":{"line":27,"column":0},"end":{"line":27,"column":67}},"27":{"start":{"line":28,"column":0},"end":{"line":28,"column":29}},"28":{"start":{"line":29,"column":0},"end":{"line":29,"column":24}},"29":{"start":{"line":30,"column":0},"end":{"line":30,"column":12}},"30":{"start":{"line":31,"column":0},"end":{"line":31,"column":16}},"31":{"start":{"line":32,"column":0},"end":{"line":32,"column":24}},"32":{"start":{"line":33,"column":0},"end":{"line":33,"column":33}},"33":{"start":{"line":34,"column":0},"end":{"line":34,"column":44}},"34":{"start":{"line":35,"column":0},"end":{"line":35,"column":47}},"35":{"start":{"line":36,"column":0},"end":{"line":36,"column":67}},"36":{"start":{"line":37,"column":0},"end":{"line":37,"column":33}},"37":{"start":{"line":38,"column":0},"end":{"line":38,"column":28}},"38":{"start":{"line":39,"column":0},"end":{"line":39,"column":12}},"39":{"start":{"line":40,"column":0},"end":{"line":40,"column":16}},"40":{"start":{"line":41,"column":0},"end":{"line":41,"column":24}},"41":{"start":{"line":42,"column":0},"end":{"line":42,"column":33}},"42":{"start":{"line":43,"column":0},"end":{"line":43,"column":44}},"43":{"start":{"line":44,"column":0},"end":{"line":44,"column":44}},"44":{"start":{"line":45,"column":0},"end":{"line":45,"column":67}},"45":{"start":{"line":46,"column":0},"end":{"line":46,"column":30}},"46":{"start":{"line":47,"column":0},"end":{"line":47,"column":25}},"47":{"start":{"line":48,"column":0},"end":{"line":48,"column":12}},"48":{"start":{"line":49,"column":0},"end":{"line":49,"column":16}},"49":{"start":{"line":50,"column":0},"end":{"line":50,"column":24}},"50":{"start":{"line":51,"column":0},"end":{"line":51,"column":33}},"51":{"start":{"line":52,"column":0},"end":{"line":52,"column":44}},"52":{"start":{"line":53,"column":0},"end":{"line":53,"column":44}},"53":{"start":{"line":54,"column":0},"end":{"line":54,"column":67}},"54":{"start":{"line":55,"column":0},"end":{"line":55,"column":30}},"55":{"start":{"line":56,"column":0},"end":{"line":56,"column":25}},"56":{"start":{"line":57,"column":0},"end":{"line":57,"column":12}},"57":{"start":{"line":58,"column":0},"end":{"line":58,"column":14}},"58":{"start":{"line":59,"column":0},"end":{"line":59,"column":12}},"59":{"start":{"line":60,"column":0},"end":{"line":60,"column":10}},"61":{"start":{"line":62,"column":0},"end":{"line":62,"column":2}},"63":{"start":{"line":64,"column":0},"end":{"line":64,"column":22}}},"s":{"0":1,"1":1,"3":1,"4":15,"5":15,"6":15,"7":15,"8":15,"9":15,"10":15,"11":15,"12":15,"13":15,"14":15,"15":15,"16":15,"17":15,"18":15,"20":15,"21":15,"22":15,"23":15,"24":15,"25":15,"26":15,"27":15,"28":15,"29":15,"30":15,"31":15,"32":15,"33":15,"34":15,"35":15,"36":15,"37":15,"38":15,"39":15,"40":15,"41":15,"42":15,"43":15,"44":15,"45":15,"46":15,"47":15,"48":15,"49":15,"50":15,"51":15,"52":15,"53":15,"54":15,"55":15,"56":15,"57":15,"58":15,"59":15,"61":15,"63":1},"branchMap":{"0":{"type":"branch","line":4,"loc":{"start":{"line":4,"column":15},"end":{"line":62,"column":2}},"locations":[{"start":{"line":4,"column":15},"end":{"line":62,"column":2}}]}},"b":{"0":[15]},"fnMap":{"0":{"name":"Filter","decl":{"start":{"line":4,"column":15},"end":{"line":62,"column":2}},"loc":{"start":{"line":4,"column":15},"end":{"line":62,"column":2}},"line":4},"1":{"name":"onChange","decl":{"start":{"line":14,"column":22},"end":{"line":14,"column":63}},"loc":{"start":{"line":14,"column":22},"end":{"line":14,"column":63}},"line":14},"2":{"name":"onChange","decl":{"start":{"line":27,"column":22},"end":{"line":27,"column":67}},"loc":{"start":{"line":27,"column":22},"end":{"line":27,"column":67}},"line":27},"3":{"name":"onChange","decl":{"start":{"line":36,"column":22},"end":{"line":36,"column":67}},"loc":{"start":{"line":36,"column":22},"end":{"line":36,"column":67}},"line":36},"4":{"name":"onChange","decl":{"start":{"line":45,"column":22},"end":{"line":45,"column":67}},"loc":{"start":{"line":45,"column":22},"end":{"line":45,"column":67}},"line":45},"5":{"name":"onChange","decl":{"start":{"line":54,"column":22},"end":{"line":54,"column":67}},"loc":{"start":{"line":54,"column":22},"end":{"line":54,"column":67}},"line":54}},"f":{"0":15,"1":0,"2":0,"3":0,"4":0,"5":0}}
,"C:\\Users\\borde\\Desktop\\Projects\\user-management-table\\src\\components\\Filter\\Filter.types.ts": {"path":"C:\\Users\\borde\\Desktop\\Projects\\user-management-table\\src\\components\\Filter\\Filter.types.ts","all":true,"statementMap":{},"s":{},"branchMap":{"0":{"type":"branch","line":1,"loc":{"start":{"line":1,"column":155},"end":{"line":6,"column":2}},"locations":[{"start":{"line":1,"column":155},"end":{"line":6,"column":2}}]}},"b":{"0":[1]},"fnMap":{"0":{"name":"(empty-report)","decl":{"start":{"line":1,"column":155},"end":{"line":6,"column":2}},"loc":{"start":{"line":1,"column":155},"end":{"line":6,"column":2}},"line":1}},"f":{"0":1}}
,"C:\\Users\\borde\\Desktop\\Projects\\user-management-table\\src\\components\\Header\\Header.tsx": {"path":"C:\\Users\\borde\\Desktop\\Projects\\user-management-table\\src\\components\\Header\\Header.tsx","all":false,"statementMap":{"0":{"start":{"line":1,"column":0},"end":{"line":1,"column":58}},"1":{"start":{"line":2,"column":0},"end":{"line":2,"column":49}},"3":{"start":{"line":4,"column":0},"end":{"line":4,"column":22}},"4":{"start":{"line":5,"column":0},"end":{"line":5,"column":10}},"5":{"start":{"line":6,"column":0},"end":{"line":6,"column":59}},"6":{"start":{"line":7,"column":0},"end":{"line":7,"column":56}},"7":{"start":{"line":8,"column":0},"end":{"line":8,"column":17}},"8":{"start":{"line":9,"column":0},"end":{"line":9,"column":19}},"9":{"start":{"line":10,"column":0},"end":{"line":10,"column":31}},"10":{"start":{"line":11,"column":0},"end":{"line":11,"column":10}},"11":{"start":{"line":12,"column":0},"end":{"line":12,"column":100}},"12":{"start":{"line":13,"column":0},"end":{"line":13,"column":12}},"13":{"start":{"line":14,"column":0},"end":{"line":14,"column":22}},"14":{"start":{"line":15,"column":0},"end":{"line":15,"column":10}},"16":{"start":{"line":17,"column":0},"end":{"line":17,"column":2}},"18":{"start":{"line":19,"column":0},"end":{"line":19,"column":22}}},"s":{"0":1,"1":1,"3":1,"4":15,"5":15,"6":15,"7":15,"8":15,"9":15,"10":15,"11":15,"12":15,"13":15,"14":15,"16":15,"18":1},"branchMap":{"0":{"type":"branch","line":4,"loc":{"start":{"line":4,"column":15},"end":{"line":17,"column":2}},"locations":[{"start":{"line":4,"column":15},"end":{"line":17,"column":2}}]}},"b":{"0":[15]},"fnMap":{"0":{"name":"Header","decl":{"start":{"line":4,"column":15},"end":{"line":17,"column":2}},"loc":{"start":{"line":4,"column":15},"end":{"line":17,"column":2}},"line":4}},"f":{"0":15}}
,"C:\\Users\\borde\\Desktop\\Projects\\user-management-table\\src\\components\\Loading\\Loading.tsx": {"path":"C:\\Users\\borde\\Desktop\\Projects\\user-management-table\\src\\components\\Loading\\Loading.tsx","all":false,"statementMap":{"0":{"start":{"line":1,"column":0},"end":{"line":1,"column":23}},"1":{"start":{"line":2,"column":0},"end":{"line":2,"column":10}},"2":{"start":{"line":3,"column":0},"end":{"line":3,"column":26}},"3":{"start":{"line":4,"column":0},"end":{"line":4,"column":11}},"4":{"start":{"line":5,"column":0},"end":{"line":5,"column":29}},"5":{"start":{"line":6,"column":0},"end":{"line":6,"column":54}},"6":{"start":{"line":7,"column":0},"end":{"line":7,"column":8}},"7":{"start":{"line":8,"column":0},"end":{"line":8,"column":10}},"9":{"start":{"line":10,"column":0},"end":{"line":10,"column":2}},"11":{"start":{"line":12,"column":0},"end":{"line":12,"column":23}}},"s":{"0":1,"1":8,"2":8,"3":8,"4":8,"5":8,"6":8,"7":8,"9":8,"11":1},"branchMap":{"0":{"type":"branch","line":1,"loc":{"start":{"line":1,"column":16},"end":{"line":10,"column":2}},"locations":[{"start":{"line":1,"column":16},"end":{"line":10,"column":2}}]}},"b":{"0":[8]},"fnMap":{"0":{"name":"Loading","decl":{"start":{"line":1,"column":16},"end":{"line":10,"column":2}},"loc":{"start":{"line":1,"column":16},"end":{"line":10,"column":2}},"line":1}},"f":{"0":8}}
,"C:\\Users\\borde\\Desktop\\Projects\\user-management-table\\src\\components\\Table\\Table.tsx": {"path":"C:\\Users\\borde\\Desktop\\Projects\\user-management-table\\src\\components\\Table\\Table.tsx","all":false,"statementMap":{"0":{"start":{"line":1,"column":0},"end":{"line":1,"column":48}},"1":{"start":{"line":2,"column":0},"end":{"line":2,"column":49}},"2":{"start":{"line":3,"column":0},"end":{"line":3,"column":62}},"3":{"start":{"line":4,"column":0},"end":{"line":4,"column":67}},"4":{"start":{"line":5,"column":0},"end":{"line":5,"column":44}},"6":{"start":{"line":7,"column":0},"end":{"line":7,"column":42}},"7":{"start":{"line":8,"column":0},"end":{"line":8,"column":54}},"9":{"start":{"line":10,"column":0},"end":{"line":10,"column":10}},"10":{"start":{"line":11,"column":0},"end":{"line":11,"column":48}},"11":{"start":{"line":12,"column":0},"end":{"line":12,"column":38}},"12":{"start":{"line":13,"column":0},"end":{"line":13,"column":45}},"13":{"start":{"line":14,"column":0},"end":{"line":14,"column":17}},"14":{"start":{"line":15,"column":0},"end":{"line":15,"column":16}},"15":{"start":{"line":16,"column":0},"end":{"line":16,"column":29}},"16":{"start":{"line":17,"column":0},"end":{"line":17,"column":27}},"17":{"start":{"line":18,"column":0},"end":{"line":18,"column":31}},"18":{"start":{"line":19,"column":0},"end":{"line":19,"column":28}},"19":{"start":{"line":20,"column":0},"end":{"line":20,"column":28}},"20":{"start":{"line":21,"column":0},"end":{"line":21,"column":17}},"21":{"start":{"line":22,"column":0},"end":{"line":22,"column":18}},"22":{"start":{"line":23,"column":0},"end":{"line":23,"column":17}},"23":{"start":{"line":24,"column":0},"end":{"line":24,"column":34}},"24":{"start":{"line":25,"column":0},"end":{"line":25,"column":64}},"25":{"start":{"line":26,"column":0},"end":{"line":26,"column":22}},"26":{"start":{"line":27,"column":0},"end":{"line":27,"column":25}},"27":{"start":{"line":28,"column":0},"end":{"line":28,"column":26}},"28":{"start":{"line":29,"column":0},"end":{"line":29,"column":29}},"29":{"start":{"line":30,"column":0},"end":{"line":30,"column":29}},"30":{"start":{"line":31,"column":0},"end":{"line":31,"column":37}},"31":{"start":{"line":32,"column":0},"end":{"line":32,"column":31}},"32":{"start":{"line":33,"column":0},"end":{"line":33,"column":31}},"33":{"start":{"line":34,"column":0},"end":{"line":34,"column":18}},"35":{"start":{"line":36,"column":0},"end":{"line":36,"column":15}},"36":{"start":{"line":37,"column":0},"end":{"line":37,"column":18}},"37":{"start":{"line":38,"column":0},"end":{"line":38,"column":16}},"39":{"start":{"line":40,"column":0},"end":{"line":40,"column":30}},"40":{"start":{"line":41,"column":0},"end":{"line":41,"column":72}},"41":{"start":{"line":42,"column":0},"end":{"line":42,"column":34}},"42":{"start":{"line":43,"column":0},"end":{"line":43,"column":52}},"43":{"start":{"line":44,"column":0},"end":{"line":44,"column":14}},"45":{"start":{"line":46,"column":0},"end":{"line":46,"column":10}},"47":{"start":{"line":48,"column":0},"end":{"line":48,"column":2}},"49":{"start":{"line":50,"column":0},"end":{"line":50,"column":21}}},"s":{"0":1,"1":1,"2":1,"3":1,"4":1,"6":1,"7":15,"9":15,"10":15,"11":15,"12":2,"13":2,"14":2,"15":2,"16":2,"17":2,"18":2,"19":2,"20":2,"21":2,"22":2,"23":2,"24":1,"25":1,"26":1,"27":1,"28":1,"29":1,"30":1,"31":1,"32":1,"33":1,"35":2,"36":2,"37":2,"39":15,"40":14,"41":14,"42":14,"43":14,"45":15,"47":15,"49":1},"branchMap":{"0":{"type":"branch","line":7,"loc":{"start":{"line":7,"column":14},"end":{"line":48,"column":2}},"locations":[{"start":{"line":7,"column":14},"end":{"line":48,"column":2}}]},"1":{"type":"branch","line":12,"loc":{"start":{"line":12,"column":22},"end":{"line":38,"column":16}},"locations":[{"start":{"line":12,"column":22},"end":{"line":38,"column":16}}]},"2":{"type":"branch","line":40,"loc":{"start":{"line":40,"column":24},"end":{"line":44,"column":14}},"locations":[{"start":{"line":40,"column":24},"end":{"line":44,"column":14}}]},"3":{"type":"branch","line":24,"loc":{"start":{"line":24,"column":23},"end":{"line":36,"column":13}},"locations":[{"start":{"line":24,"column":23},"end":{"line":36,"column":13}}]}},"b":{"0":[15],"1":[2],"2":[14],"3":[1]},"fnMap":{"0":{"name":"Table","decl":{"start":{"line":7,"column":14},"end":{"line":48,"column":2}},"loc":{"start":{"line":7,"column":14},"end":{"line":48,"column":2}},"line":7}},"f":{"0":15}}
,"C:\\Users\\borde\\Desktop\\Projects\\user-management-table\\src\\components\\Table\\Table.types.ts": {"path":"C:\\Users\\borde\\Desktop\\Projects\\user-management-table\\src\\components\\Table\\Table.types.ts","all":true,"statementMap":{},"s":{},"branchMap":{"0":{"type":"branch","line":1,"loc":{"start":{"line":1,"column":97},"end":{"line":5,"column":2}},"locations":[{"start":{"line":1,"column":97},"end":{"line":5,"column":2}}]}},"b":{"0":[1]},"fnMap":{"0":{"name":"(empty-report)","decl":{"start":{"line":1,"column":97},"end":{"line":5,"column":2}},"loc":{"start":{"line":1,"column":97},"end":{"line":5,"column":2}},"line":1}},"f":{"0":1}}
,"C:\\Users\\borde\\Desktop\\Projects\\user-management-table\\src\\components\\TableRow\\TableRow.tsx": {"path":"C:\\Users\\borde\\Desktop\\Projects\\user-management-table\\src\\components\\TableRow\\TableRow.tsx","all":false,"statementMap":{"0":{"start":{"line":1,"column":0},"end":{"line":1,"column":54}},"2":{"start":{"line":3,"column":0},"end":{"line":3,"column":79}},"3":{"start":{"line":4,"column":0},"end":{"line":4,"column":10}},"4":{"start":{"line":5,"column":0},"end":{"line":5,"column":8}},"5":{"start":{"line":6,"column":0},"end":{"line":6,"column":23}},"6":{"start":{"line":7,"column":0},"end":{"line":7,"column":47}},"7":{"start":{"line":8,"column":0},"end":{"line":8,"column":25}},"8":{"start":{"line":9,"column":0},"end":{"line":9,"column":22}},"9":{"start":{"line":10,"column":0},"end":{"line":10,"column":22}},"10":{"start":{"line":11,"column":0},"end":{"line":11,"column":9}},"12":{"start":{"line":13,"column":0},"end":{"line":13,"column":2}},"14":{"start":{"line":15,"column":0},"end":{"line":15,"column":24}}},"s":{"0":1,"2":1,"3":1,"4":1,"5":1,"6":1,"7":1,"8":1,"9":1,"10":1,"12":1,"14":1},"branchMap":{"0":{"type":"branch","line":3,"loc":{"start":{"line":3,"column":17},"end":{"line":13,"column":2}},"locations":[{"start":{"line":3,"column":17},"end":{"line":13,"column":2}}]}},"b":{"0":[1]},"fnMap":{"0":{"name":"TableRow","decl":{"start":{"line":3,"column":17},"end":{"line":13,"column":2}},"loc":{"start":{"line":3,"column":17},"end":{"line":13,"column":2}},"line":3}},"f":{"0":1}}
,"C:\\Users\\borde\\Desktop\\Projects\\user-management-table\\src\\components\\TableRow\\TableRow.types.ts": {"path":"C:\\Users\\borde\\Desktop\\Projects\\user-management-table\\src\\components\\TableRow\\TableRow.types.ts","all":true,"statementMap":{},"s":{},"branchMap":{"0":{"type":"branch","line":1,"loc":{"start":{"line":1,"column":126},"end":{"line":7,"column":2}},"locations":[{"start":{"line":1,"column":126},"end":{"line":7,"column":2}}]}},"b":{"0":[1]},"fnMap":{"0":{"name":"(empty-report)","decl":{"start":{"line":1,"column":126},"end":{"line":7,"column":2}},"loc":{"start":{"line":1,"column":126},"end":{"line":7,"column":2}},"line":1}},"f":{"0":1}}
,"C:\\Users\\borde\\Desktop\\Projects\\user-management-table\\src\\features\\users\\usersSlice.ts": {"path":"C:\\Users\\borde\\Desktop\\Projects\\user-management-table\\src\\features\\users\\usersSlice.ts","all":false,"statementMap":{"0":{"start":{"line":1,"column":0},"end":{"line":1,"column":60}},"1":{"start":{"line":2,"column":0},"end":{"line":2,"column":80}},"2":{"start":{"line":3,"column":0},"end":{"line":3,"column":26}},"13":{"start":{"line":14,"column":0},"end":{"line":14,"column":33}},"14":{"start":{"line":15,"column":0},"end":{"line":15,"column":12}},"15":{"start":{"line":16,"column":0},"end":{"line":16,"column":17}},"16":{"start":{"line":17,"column":0},"end":{"line":17,"column":14}},"17":{"start":{"line":18,"column":0},"end":{"line":18,"column":2}},"20":{"start":{"line":21,"column":0},"end":{"line":21,"column":84}},"21":{"start":{"line":22,"column":0},"end":{"line":22,"column":7}},"22":{"start":{"line":23,"column":0},"end":{"line":23,"column":83}},"24":{"start":{"line":25,"column":0},"end":{"line":25,"column":59}},"25":{"start":{"line":26,"column":0},"end":{"line":26,"column":25}},"26":{"start":{"line":27,"column":0},"end":{"line":27,"column":19}},"27":{"start":{"line":28,"column":0},"end":{"line":28,"column":16}},"28":{"start":{"line":29,"column":0},"end":{"line":29,"column":3}},"29":{"start":{"line":30,"column":0},"end":{"line":30,"column":3}},"31":{"start":{"line":32,"column":0},"end":{"line":32,"column":38}},"32":{"start":{"line":33,"column":0},"end":{"line":33,"column":16}},"33":{"start":{"line":34,"column":0},"end":{"line":34,"column":15}},"34":{"start":{"line":35,"column":0},"end":{"line":35,"column":15}},"35":{"start":{"line":36,"column":0},"end":{"line":36,"column":31}},"36":{"start":{"line":37,"column":0},"end":{"line":37,"column":11}},"37":{"start":{"line":38,"column":0},"end":{"line":38,"column":47}},"38":{"start":{"line":39,"column":0},"end":{"line":39,"column":33}},"39":{"start":{"line":40,"column":0},"end":{"line":40,"column":8}},"40":{"start":{"line":41,"column":0},"end":{"line":41,"column":80}},"41":{"start":{"line":42,"column":0},"end":{"line":42,"column":35}},"42":{"start":{"line":43,"column":0},"end":{"line":43,"column":37}},"43":{"start":{"line":44,"column":0},"end":{"line":44,"column":8}},"44":{"start":{"line":45,"column":0},"end":{"line":45,"column":56}},"45":{"start":{"line":46,"column":0},"end":{"line":46,"column":32}},"46":{"start":{"line":47,"column":0},"end":{"line":47,"column":70}},"47":{"start":{"line":48,"column":0},"end":{"line":48,"column":9}},"48":{"start":{"line":49,"column":0},"end":{"line":49,"column":4}},"49":{"start":{"line":50,"column":0},"end":{"line":50,"column":3}},"51":{"start":{"line":52,"column":0},"end":{"line":52,"column":67}},"52":{"start":{"line":53,"column":0},"end":{"line":53,"column":73}},"54":{"start":{"line":55,"column":0},"end":{"line":55,"column":33}}},"s":{"0":1,"1":1,"2":1,"13":1,"14":1,"15":1,"16":1,"17":1,"20":1,"21":8,"22":8,"24":4,"25":4,"26":4,"27":4,"28":4,"29":8,"31":1,"32":1,"33":1,"34":1,"35":1,"36":4,"37":4,"38":8,"39":4,"40":4,"41":4,"42":4,"43":4,"44":4,"45":4,"46":4,"47":4,"48":4,"49":1,"51":1,"52":1,"54":1},"branchMap":{"0":{"type":"branch","line":21,"loc":{"start":{"line":21,"column":71},"end":{"line":30,"column":3}},"locations":[{"start":{"line":21,"column":71},"end":{"line":30,"column":3}}]},"1":{"type":"branch","line":23,"loc":{"start":{"line":23,"column":81},"end":{"line":29,"column":3}},"locations":[{"start":{"line":23,"column":81},"end":{"line":29,"column":3}}]},"2":{"type":"branch","line":36,"loc":{"start":{"line":36,"column":17},"end":{"line":49,"column":4}},"locations":[{"start":{"line":36,"column":17},"end":{"line":49,"column":4}}]},"3":{"type":"branch","line":38,"loc":{"start":{"line":38,"column":35},"end":{"line":40,"column":7}},"locations":[{"start":{"line":38,"column":35},"end":{"line":40,"column":7}}]},"4":{"type":"branch","line":41,"loc":{"start":{"line":41,"column":37},"end":{"line":44,"column":7}},"locations":[{"start":{"line":41,"column":37},"end":{"line":44,"column":7}}]},"5":{"type":"branch","line":45,"loc":{"start":{"line":45,"column":36},"end":{"line":48,"column":7}},"locations":[{"start":{"line":45,"column":36},"end":{"line":48,"column":7}}]},"6":{"type":"branch","line":47,"loc":{"start":{"line":47,"column":35},"end":{"line":47,"column":70}},"locations":[{"start":{"line":47,"column":35},"end":{"line":47,"column":70}}]},"7":{"type":"branch","line":52,"loc":{"start":{"line":52,"column":27},"end":{"line":52,"column":67}},"locations":[{"start":{"line":52,"column":27},"end":{"line":52,"column":67}}]},"8":{"type":"branch","line":53,"loc":{"start":{"line":53,"column":32},"end":{"line":53,"column":73}},"locations":[{"start":{"line":53,"column":32},"end":{"line":53,"column":73}}]}},"b":{"0":[8],"1":[4],"2":[4],"3":[8],"4":[4],"5":[4],"6":[0],"7":[32],"8":[28]},"fnMap":{"0":{"name":"extraReducers","decl":{"start":{"line":36,"column":17},"end":{"line":49,"column":4}},"loc":{"start":{"line":36,"column":17},"end":{"line":49,"column":4}},"line":36},"1":{"name":"selectUsers","decl":{"start":{"line":52,"column":27},"end":{"line":52,"column":67}},"loc":{"start":{"line":52,"column":27},"end":{"line":52,"column":67}},"line":52},"2":{"name":"selectUserStatus","decl":{"start":{"line":53,"column":32},"end":{"line":53,"column":73}},"loc":{"start":{"line":53,"column":32},"end":{"line":53,"column":73}},"line":53}},"f":{"0":4,"1":32,"2":28}}
,"C:\\Users\\borde\\Desktop\\Projects\\user-management-table\\src\\hooks\\useFetchUsers.ts": {"path":"C:\\Users\\borde\\Desktop\\Projects\\user-management-table\\src\\hooks\\useFetchUsers.ts","all":false,"statementMap":{"0":{"start":{"line":1,"column":0},"end":{"line":1,"column":34}},"1":{"start":{"line":2,"column":0},"end":{"line":2,"column":62}},"2":{"start":{"line":3,"column":0},"end":{"line":3,"column":89}},"4":{"start":{"line":5,"column":0},"end":{"line":5,"column":36}},"5":{"start":{"line":6,"column":0},"end":{"line":6,"column":54}},"6":{"start":{"line":7,"column":0},"end":{"line":7,"column":44}},"7":{"start":{"line":8,"column":0},"end":{"line":8,"column":36}},"9":{"start":{"line":10,"column":0},"end":{"line":10,"column":19}},"10":{"start":{"line":11,"column":0},"end":{"line":11,"column":32}},"11":{"start":{"line":12,"column":0},"end":{"line":12,"column":29}},"12":{"start":{"line":13,"column":0},"end":{"line":13,"column":5}},"13":{"start":{"line":14,"column":0},"end":{"line":14,"column":29}},"15":{"start":{"line":16,"column":0},"end":{"line":16,"column":31}},"16":{"start":{"line":17,"column":0},"end":{"line":17,"column":2}}},"s":{"0":1,"1":1,"2":1,"4":1,"5":15,"6":15,"7":15,"9":15,"10":10,"11":4,"12":4,"13":15,"15":15,"16":15},"branchMap":{"0":{"type":"branch","line":5,"loc":{"start":{"line":5,"column":29},"end":{"line":17,"column":2}},"locations":[{"start":{"line":5,"column":29},"end":{"line":17,"column":2}}]},"1":{"type":"branch","line":10,"loc":{"start":{"line":10,"column":12},"end":{"line":14,"column":5}},"locations":[{"start":{"line":10,"column":12},"end":{"line":14,"column":5}}]},"2":{"type":"branch","line":11,"loc":{"start":{"line":11,"column":31},"end":{"line":13,"column":5}},"locations":[{"start":{"line":11,"column":31},"end":{"line":13,"column":5}}]}},"b":{"0":[15],"1":[10],"2":[4]},"fnMap":{"0":{"name":"useFetchUsers","decl":{"start":{"line":5,"column":29},"end":{"line":17,"column":2}},"loc":{"start":{"line":5,"column":29},"end":{"line":17,"column":2}},"line":5}},"f":{"0":15}}
,"C:\\Users\\borde\\Desktop\\Projects\\user-management-table\\src\\pages\\error\\Error.tsx": {"path":"C:\\Users\\borde\\Desktop\\Projects\\user-management-table\\src\\pages\\error\\Error.tsx","all":false,"statementMap":{"0":{"start":{"line":1,"column":0},"end":{"line":1,"column":40}},"1":{"start":{"line":2,"column":0},"end":{"line":2,"column":61}},"3":{"start":{"line":4,"column":0},"end":{"line":4,"column":21}},"4":{"start":{"line":5,"column":0},"end":{"line":5,"column":10}},"5":{"start":{"line":6,"column":0},"end":{"line":6,"column":9}},"6":{"start":{"line":7,"column":0},"end":{"line":7,"column":11}},"7":{"start":{"line":8,"column":0},"end":{"line":8,"column":48}},"8":{"start":{"line":9,"column":0},"end":{"line":9,"column":20}},"9":{"start":{"line":10,"column":0},"end":{"line":10,"column":31}},"10":{"start":{"line":11,"column":0},"end":{"line":11,"column":69}},"11":{"start":{"line":12,"column":0},"end":{"line":12,"column":16}},"12":{"start":{"line":13,"column":0},"end":{"line":13,"column":42}},"13":{"start":{"line":14,"column":0},"end":{"line":14,"column":17}},"14":{"start":{"line":15,"column":0},"end":{"line":15,"column":12}},"15":{"start":{"line":16,"column":0},"end":{"line":16,"column":10}},"17":{"start":{"line":18,"column":0},"end":{"line":18,"column":2}},"19":{"start":{"line":20,"column":0},"end":{"line":20,"column":21}}},"s":{"0":1,"1":1,"3":1,"4":2,"5":2,"6":2,"7":2,"8":2,"9":2,"10":2,"11":2,"12":2,"13":2,"14":2,"15":2,"17":2,"19":1},"branchMap":{"0":{"type":"branch","line":4,"loc":{"start":{"line":4,"column":14},"end":{"line":18,"column":2}},"locations":[{"start":{"line":4,"column":14},"end":{"line":18,"column":2}}]}},"b":{"0":[2]},"fnMap":{"0":{"name":"Error","decl":{"start":{"line":4,"column":14},"end":{"line":18,"column":2}},"loc":{"start":{"line":4,"column":14},"end":{"line":18,"column":2}},"line":4}},"f":{"0":2}}
,"C:\\Users\\borde\\Desktop\\Projects\\user-management-table\\src\\pages\\users\\Users.tsx": {"path":"C:\\Users\\borde\\Desktop\\Projects\\user-management-table\\src\\pages\\users\\Users.tsx","all":false,"statementMap":{"0":{"start":{"line":1,"column":0},"end":{"line":1,"column":44}},"1":{"start":{"line":2,"column":0},"end":{"line":2,"column":58}},"2":{"start":{"line":3,"column":0},"end":{"line":3,"column":52}},"3":{"start":{"line":4,"column":0},"end":{"line":4,"column":49}},"4":{"start":{"line":5,"column":0},"end":{"line":5,"column":52}},"5":{"start":{"line":6,"column":0},"end":{"line":6,"column":67}},"6":{"start":{"line":7,"column":0},"end":{"line":7,"column":55}},"8":{"start":{"line":9,"column":0},"end":{"line":9,"column":21}},"9":{"start":{"line":10,"column":0},"end":{"line":10,"column":48}},"11":{"start":{"line":12,"column":0},"end":{"line":12,"column":43}},"12":{"start":{"line":13,"column":0},"end":{"line":13,"column":55}},"13":{"start":{"line":14,"column":0},"end":{"line":14,"column":60}},"15":{"start":{"line":16,"column":0},"end":{"line":16,"column":19}},"16":{"start":{"line":17,"column":0},"end":{"line":17,"column":53}},"17":{"start":{"line":18,"column":0},"end":{"line":18,"column":46}},"18":{"start":{"line":19,"column":0},"end":{"line":19,"column":34}},"19":{"start":{"line":20,"column":0},"end":{"line":20,"column":60}},"20":{"start":{"line":21,"column":0},"end":{"line":21,"column":45}},"21":{"start":{"line":22,"column":0},"end":{"line":22,"column":64}},"22":{"start":{"line":23,"column":0},"end":{"line":23,"column":42}},"23":{"start":{"line":24,"column":0},"end":{"line":24,"column":61}},"24":{"start":{"line":25,"column":0},"end":{"line":25,"column":42}},"25":{"start":{"line":26,"column":0},"end":{"line":26,"column":61}},"26":{"start":{"line":27,"column":0},"end":{"line":27,"column":7}},"27":{"start":{"line":28,"column":0},"end":{"line":28,"column":19}},"28":{"start":{"line":29,"column":0},"end":{"line":29,"column":7}},"29":{"start":{"line":30,"column":0},"end":{"line":30,"column":39}},"30":{"start":{"line":31,"column":0},"end":{"line":31,"column":34}},"32":{"start":{"line":33,"column":0},"end":{"line":33,"column":10}},"33":{"start":{"line":34,"column":0},"end":{"line":34,"column":72}},"34":{"start":{"line":35,"column":0},"end":{"line":35,"column":16}},"35":{"start":{"line":36,"column":0},"end":{"line":36,"column":51}},"36":{"start":{"line":37,"column":0},"end":{"line":37,"column":13}},"37":{"start":{"line":38,"column":0},"end":{"line":38,"column":23}},"38":{"start":{"line":39,"column":0},"end":{"line":39,"column":31}},"39":{"start":{"line":40,"column":0},"end":{"line":40,"column":37}},"40":{"start":{"line":41,"column":0},"end":{"line":41,"column":29}},"41":{"start":{"line":42,"column":0},"end":{"line":42,"column":8}},"42":{"start":{"line":43,"column":0},"end":{"line":43,"column":56}},"43":{"start":{"line":44,"column":0},"end":{"line":44,"column":49}},"44":{"start":{"line":45,"column":0},"end":{"line":45,"column":52}},"45":{"start":{"line":46,"column":0},"end":{"line":46,"column":12}},"46":{"start":{"line":47,"column":0},"end":{"line":47,"column":37}},"47":{"start":{"line":48,"column":0},"end":{"line":48,"column":10}},"49":{"start":{"line":50,"column":0},"end":{"line":50,"column":2}},"51":{"start":{"line":52,"column":0},"end":{"line":52,"column":21}}},"s":{"0":1,"1":1,"2":1,"3":1,"4":1,"5":1,"6":1,"8":1,"9":15,"11":15,"12":15,"13":15,"15":15,"16":5,"17":1,"18":1,"19":1,"20":1,"21":0,"22":0,"23":0,"24":0,"25":0,"26":0,"27":0,"28":5,"29":5,"30":15,"32":15,"33":15,"34":15,"35":15,"36":15,"37":15,"38":15,"39":15,"40":15,"41":15,"42":15,"43":15,"44":15,"45":15,"46":15,"47":15,"49":15,"51":1},"branchMap":{"0":{"type":"branch","line":9,"loc":{"start":{"line":9,"column":14},"end":{"line":50,"column":2}},"locations":[{"start":{"line":9,"column":14},"end":{"line":50,"column":2}}]},"1":{"type":"branch","line":44,"loc":{"start":{"line":44,"column":24},"end":{"line":44,"column":49}},"locations":[{"start":{"line":44,"column":24},"end":{"line":44,"column":49}}]},"2":{"type":"branch","line":45,"loc":{"start":{"line":45,"column":24},"end":{"line":45,"column":52}},"locations":[{"start":{"line":45,"column":24},"end":{"line":45,"column":52}}]},"3":{"type":"branch","line":16,"loc":{"start":{"line":16,"column":12},"end":{"line":31,"column":5}},"locations":[{"start":{"line":16,"column":12},"end":{"line":31,"column":5}}]},"4":{"type":"branch","line":17,"loc":{"start":{"line":17,"column":42},"end":{"line":29,"column":5}},"locations":[{"start":{"line":17,"column":42},"end":{"line":29,"column":5}}]},"5":{"type":"branch","line":21,"loc":{"start":{"line":21,"column":6},"end":{"line":28,"column":19}},"locations":[{"start":{"line":21,"column":6},"end":{"line":28,"column":19}}]}},"b":{"0":[15],"1":[8],"2":[1],"3":[5],"4":[1],"5":[0]},"fnMap":{"0":{"name":"Users","decl":{"start":{"line":9,"column":14},"end":{"line":50,"column":2}},"loc":{"start":{"line":9,"column":14},"end":{"line":50,"column":2}},"line":9}},"f":{"0":15}}
,"C:\\Users\\borde\\Desktop\\Projects\\user-management-table\\src\\types\\user.type.ts": {"path":"C:\\Users\\borde\\Desktop\\Projects\\user-management-table\\src\\types\\user.type.ts","all":false,"statementMap":{"0":{"start":{"line":1,"column":0},"end":{"line":1,"column":24}},"3":{"start":{"line":4,"column":0},"end":{"line":4,"column":29}},"4":{"start":{"line":5,"column":0},"end":{"line":5,"column":16}},"5":{"start":{"line":6,"column":0},"end":{"line":6,"column":18}},"6":{"start":{"line":7,"column":0},"end":{"line":7,"column":22}},"7":{"start":{"line":8,"column":0},"end":{"line":8,"column":19}},"8":{"start":{"line":9,"column":0},"end":{"line":9,"column":20}},"9":{"start":{"line":10,"column":0},"end":{"line":10,"column":21}},"10":{"start":{"line":11,"column":0},"end":{"line":11,"column":20}},"11":{"start":{"line":12,"column":0},"end":{"line":12,"column":19}},"12":{"start":{"line":13,"column":0},"end":{"line":13,"column":22}},"13":{"start":{"line":14,"column":0},"end":{"line":14,"column":17}},"14":{"start":{"line":15,"column":0},"end":{"line":15,"column":19}},"15":{"start":{"line":16,"column":0},"end":{"line":16,"column":19}},"16":{"start":{"line":17,"column":0},"end":{"line":17,"column":5}},"17":{"start":{"line":18,"column":0},"end":{"line":18,"column":4}},"18":{"start":{"line":19,"column":0},"end":{"line":19,"column":19}},"19":{"start":{"line":20,"column":0},"end":{"line":20,"column":21}},"20":{"start":{"line":21,"column":0},"end":{"line":21,"column":20}},"21":{"start":{"line":22,"column":0},"end":{"line":22,"column":19}},"22":{"start":{"line":23,"column":0},"end":{"line":23,"column":26}},"23":{"start":{"line":24,"column":0},"end":{"line":24,"column":17}},"24":{"start":{"line":25,"column":0},"end":{"line":25,"column":4}},"25":{"start":{"line":26,"column":0},"end":{"line":26,"column":3}},"28":{"start":{"line":29,"column":0},"end":{"line":29,"column":47}}},"s":{"0":1,"3":1,"4":1,"5":1,"6":1,"7":1,"8":1,"9":1,"10":1,"11":1,"12":1,"13":1,"14":1,"15":1,"16":1,"17":1,"18":1,"19":1,"20":1,"21":1,"22":1,"23":1,"24":1,"25":1,"28":1},"branchMap":{},"b":{},"fnMap":{},"f":{}}
,"C:\\Users\\borde\\Desktop\\Projects\\user-management-table\\src\\ui\\ThemeToggler.tsx": {"path":"C:\\Users\\borde\\Desktop\\Projects\\user-management-table\\src\\ui\\ThemeToggler.tsx","all":false,"statementMap":{"0":{"start":{"line":1,"column":0},"end":{"line":1,"column":28}},"1":{"start":{"line":2,"column":0},"end":{"line":2,"column":10}},"2":{"start":{"line":3,"column":0},"end":{"line":3,"column":9}},"3":{"start":{"line":4,"column":0},"end":{"line":4,"column":64}},"4":{"start":{"line":5,"column":0},"end":{"line":5,"column":14}},"5":{"start":{"line":6,"column":0},"end":{"line":6,"column":25}},"6":{"start":{"line":7,"column":0},"end":{"line":7,"column":22}},"7":{"start":{"line":8,"column":0},"end":{"line":8,"column":96}},"8":{"start":{"line":9,"column":0},"end":{"line":9,"column":10}},"9":{"start":{"line":10,"column":0},"end":{"line":10,"column":12}},"10":{"start":{"line":11,"column":0},"end":{"line":11,"column":75}},"11":{"start":{"line":12,"column":0},"end":{"line":12,"column":44}},"12":{"start":{"line":13,"column":0},"end":{"line":13,"column":20}},"13":{"start":{"line":14,"column":0},"end":{"line":14,"column":21}},"14":{"start":{"line":15,"column":0},"end":{"line":15,"column":29}},"15":{"start":{"line":16,"column":0},"end":{"line":16,"column":21}},"16":{"start":{"line":17,"column":0},"end":{"line":17,"column":31}},"17":{"start":{"line":18,"column":0},"end":{"line":18,"column":25}},"18":{"start":{"line":19,"column":0},"end":{"line":19,"column":31}},"19":{"start":{"line":20,"column":0},"end":{"line":20,"column":32}},"21":{"start":{"line":22,"column":0},"end":{"line":22,"column":17}},"22":{"start":{"line":23,"column":0},"end":{"line":23,"column":19}},"23":{"start":{"line":24,"column":0},"end":{"line":24,"column":19}},"24":{"start":{"line":25,"column":0},"end":{"line":25,"column":17}},"25":{"start":{"line":26,"column":0},"end":{"line":26,"column":12}},"26":{"start":{"line":27,"column":0},"end":{"line":27,"column":121}},"27":{"start":{"line":28,"column":0},"end":{"line":28,"column":14}},"28":{"start":{"line":29,"column":0},"end":{"line":29,"column":12}},"29":{"start":{"line":30,"column":0},"end":{"line":30,"column":75}},"30":{"start":{"line":31,"column":0},"end":{"line":31,"column":44}},"31":{"start":{"line":32,"column":0},"end":{"line":32,"column":20}},"32":{"start":{"line":33,"column":0},"end":{"line":33,"column":21}},"33":{"start":{"line":34,"column":0},"end":{"line":34,"column":29}},"34":{"start":{"line":35,"column":0},"end":{"line":35,"column":21}},"35":{"start":{"line":36,"column":0},"end":{"line":36,"column":31}},"36":{"start":{"line":37,"column":0},"end":{"line":37,"column":25}},"37":{"start":{"line":38,"column":0},"end":{"line":38,"column":31}},"38":{"start":{"line":39,"column":0},"end":{"line":39,"column":32}},"40":{"start":{"line":41,"column":0},"end":{"line":41,"column":75}},"41":{"start":{"line":42,"column":0},"end":{"line":42,"column":14}},"42":{"start":{"line":43,"column":0},"end":{"line":43,"column":14}},"43":{"start":{"line":44,"column":0},"end":{"line":44,"column":10}},"45":{"start":{"line":46,"column":0},"end":{"line":46,"column":2}},"47":{"start":{"line":48,"column":0},"end":{"line":48,"column":28}}},"s":{"0":1,"1":15,"2":15,"3":15,"4":15,"5":15,"6":15,"7":15,"8":15,"9":15,"10":15,"11":15,"12":15,"13":15,"14":15,"15":15,"16":15,"17":15,"18":15,"19":15,"21":15,"22":15,"23":15,"24":15,"25":15,"26":15,"27":15,"28":15,"29":15,"30":15,"31":15,"32":15,"33":15,"34":15,"35":15,"36":15,"37":15,"38":15,"40":15,"41":15,"42":15,"43":15,"45":15,"47":1},"branchMap":{"0":{"type":"branch","line":1,"loc":{"start":{"line":1,"column":21},"end":{"line":46,"column":2}},"locations":[{"start":{"line":1,"column":21},"end":{"line":46,"column":2}}]}},"b":{"0":[15]},"fnMap":{"0":{"name":"ThemeToggler","decl":{"start":{"line":1,"column":21},"end":{"line":46,"column":2}},"loc":{"start":{"line":1,"column":21},"end":{"line":46,"column":2}},"line":1}},"f":{"0":15}}
}
